Using pre-set license
Built from '2020.3/staging' branch; Version is '2020.3.26f1 (7298b473bc1a) revision 7510196'; Using compiler version '192528614'; Build Type 'Release'
OS: 'Windows 10  (10.0.19044) 64bit Core' Language: 'en' Physical Memory: 16163 MB
BatchMode: 1, IsHumanControllingUs: 0, StartBugReporterOnCrash: 0, Is64bit: 1, IsPro: 0

COMMAND LINE ARGUMENTS:
C:\Program Files\Unity\Hub\Editor\2020.3.26f1\Editor\Unity.exe
-adb2
-batchMode
-noUpm
-name
AssetImportWorker0
-projectPath
D:/FMP Files/Hack-and-Slash/Charlie's Stuff/FMP Template
-logFile
Logs/AssetImportWorker0.log
-srvPort
52474
Successfully changed project path to: D:/FMP Files/Hack-and-Slash/Charlie's Stuff/FMP Template
D:/FMP Files/Hack-and-Slash/Charlie's Stuff/FMP Template
Using Asset Import Pipeline V2.
Refreshing native plugins compatible for Editor in 61.66 ms, found 6 plugins.
Preloading 0 native plugins for Editor in 0.00 ms.
Initialize engine version: 2020.3.26f1 (7298b473bc1a)
[Subsystems] Discovering subsystems at path C:/Program Files/Unity/Hub/Editor/2020.3.26f1/Editor/Data/Resources/UnitySubsystems
[Subsystems] Discovering subsystems at path D:/FMP Files/Hack-and-Slash/Charlie's Stuff/FMP Template/Assets
GfxDevice: creating device client; threaded=0
Direct3D:
    Version:  Direct3D 11.0 [level 11.1]
    Renderer: NVIDIA GeForce RTX 3050 Ti Laptop GPU (ID=0x25a0)
    Vendor:   
    VRAM:     3990 MB
    Driver:   30.0.15.1215
Initialize mono
Mono path[0] = 'C:/Program Files/Unity/Hub/Editor/2020.3.26f1/Editor/Data/Managed'
Mono path[1] = 'C:/Program Files/Unity/Hub/Editor/2020.3.26f1/Editor/Data/MonoBleedingEdge/lib/mono/unityjit'
Mono config path = 'C:/Program Files/Unity/Hub/Editor/2020.3.26f1/Editor/Data/MonoBleedingEdge/etc'
Using monoOptions --debugger-agent=transport=dt_socket,embedding=1,server=y,suspend=n,address=127.0.0.1:56604
Begin MonoManager ReloadAssembly
Registering precompiled unity dll's ...
Register platform support module: C:/Program Files/Unity/Hub/Editor/2020.3.26f1/Editor/Data/PlaybackEngines/WindowsStandaloneSupport/UnityEditor.WindowsStandalone.Extensions.dll
Registered in 0.001445 seconds.
Native extension for WindowsStandalone target not found
Refreshing native plugins compatible for Editor in 60.83 ms, found 6 plugins.
Preloading 0 native plugins for Editor in 0.00 ms.
Mono: successfully reloaded assembly
- Completed reload, in  0.467 seconds
Domain Reload Profiling:
	ReloadAssembly (468ms)
		BeginReloadAssembly (40ms)
			ExecutionOrderSort (0ms)
			DisableScriptedObjects (0ms)
			BackupInstance (0ms)
			ReleaseScriptingObjects (0ms)
			CreateAndSetChildDomain (1ms)
		EndReloadAssembly (372ms)
			LoadAssemblies (38ms)
			RebuildTransferFunctionScriptingTraits (0ms)
			SetupTypeCache (115ms)
			ReleaseScriptCaches (0ms)
			RebuildScriptCaches (24ms)
			SetupLoadedEditorAssemblies (158ms)
				LogAssemblyErrors (0ms)
				InitializePlatformSupportModulesInManaged (4ms)
				SetLoadedEditorAssemblies (0ms)
				RefreshPlugins (61ms)
				BeforeProcessingInitializeOnLoad (7ms)
				ProcessInitializeOnLoadAttributes (65ms)
				ProcessInitializeOnLoadMethodAttributes (21ms)
				AfterProcessingInitializeOnLoad (0ms)
				EditorAssembliesLoaded (0ms)
			ExecutionOrderSort2 (0ms)
			AwakeInstancesAfterBackupRestoration (0ms)
Platform modules already initialized, skipping
Registering precompiled user dll's ...
Registered in 0.004555 seconds.
Begin MonoManager ReloadAssembly
Native extension for WindowsStandalone target not found
Refreshing native plugins compatible for Editor in 64.33 ms, found 6 plugins.
Preloading 0 native plugins for Editor in 0.00 ms.
Mono: successfully reloaded assembly
Fallback handler could not load library C:/Program Files/Unity/Hub/Editor/2020.3.26f1/Editor/Data/Mono/lib/libdl
Fallback handler could not load library C:/Program Files/Unity/Hub/Editor/2020.3.26f1/Editor/Data/Mono/lib/libdl.dll
Fallback handler could not load library C:/Program Files/Unity/Hub/Editor/2020.3.26f1/Editor/Data/Mono/lib/libdl
Fallback handler could not load library C:/Program Files/Unity/Hub/Editor/2020.3.26f1/Editor/Data/Mono/lib/libdl
Fallback handler could not load library C:/Program Files/Unity/Hub/Editor/2020.3.26f1/Editor/Data/Mono/lib/libdl.dll
Fallback handler could not load library C:/Program Files/Unity/Hub/Editor/2020.3.26f1/Editor/Data/Mono/lib/libdl
- Completed reload, in  1.090 seconds
Domain Reload Profiling:
	ReloadAssembly (1091ms)
		BeginReloadAssembly (105ms)
			ExecutionOrderSort (0ms)
			DisableScriptedObjects (4ms)
			BackupInstance (0ms)
			ReleaseScriptingObjects (0ms)
			CreateAndSetChildDomain (16ms)
		EndReloadAssembly (939ms)
			LoadAssemblies (70ms)
			RebuildTransferFunctionScriptingTraits (0ms)
			SetupTypeCache (265ms)
			ReleaseScriptCaches (1ms)
			RebuildScriptCaches (47ms)
			SetupLoadedEditorAssemblies (426ms)
				LogAssemblyErrors (0ms)
				InitializePlatformSupportModulesInManaged (3ms)
				SetLoadedEditorAssemblies (0ms)
				RefreshPlugins (64ms)
				BeforeProcessingInitializeOnLoad (88ms)
				ProcessInitializeOnLoadAttributes (256ms)
				ProcessInitializeOnLoadMethodAttributes (9ms)
				AfterProcessingInitializeOnLoad (5ms)
				EditorAssembliesLoaded (0ms)
			ExecutionOrderSort2 (0ms)
			AwakeInstancesAfterBackupRestoration (5ms)
Platform modules already initialized, skipping
========================================================================
Worker process is ready to serve import requests
Launched and connected shader compiler UnityShaderCompiler.exe after 0.05 seconds
Refreshing native plugins compatible for Editor in 0.87 ms, found 6 plugins.
Preloading 0 native plugins for Editor in 0.00 ms.
Unloading 3699 Unused Serialized files (Serialized files now loaded: 0)
System memory in use before: 163.4 MB.
System memory in use after: 163.6 MB.

Unloading 61 unused Assets to reduce memory usage. Loaded Objects now: 4109.
Total: 3.054700 ms (FindLiveObjects: 0.210400 ms CreateObjectMapping: 0.092100 ms MarkObjects: 2.626800 ms  DeleteObjects: 0.124400 ms)

AssetImportParameters requested are different than current active one (requested -> active):
  custom:framework-win-MediaFoundation: 216162199b28c13a410421893ffa2e32 -> 
  custom:video-decoder-ogg-theora: a1e56fd34408186e4bbccfd4996cb3dc -> 
  custom:container-muxer-webm: aa71ff27fc2769a1b78a27578f13a17b -> 
  custom:container-demuxer-webm: 4f35f7cbe854078d1ac9338744f61a02 -> 
  custom:container-demuxer-ogg: 62fdf1f143b41e24485cea50d1cbac27 -> 
  custom:video-encoder-webm-vp8: eb34c28f22e8b96e1ab97ce403110664 -> 
  custom:video-codec-MediaFoundation-h265: 746d11721c4dcdbdad8f713fa42b33f4 -> 
  custom:video-decoder-webm-vp8: 9c59270c3fd7afecdb556c50c9e8de78 -> 
  custom:audio-decoder-ogg-vorbis: bf7c407c2cedff20999df2af8eb42d56 -> 
  custom:audio-encoder-webm-vorbis: bf7c407c2cedff20999df2af8eb42d56 -> 
========================================================================
Received Import Request.
  path: Assets/Scenes/AbbiesProps/propsword.fbx
  artifactKey: Guid(59dcfc3e5fc9cd44ba67e535195e191d) Importer(815301076,1909f56bfc062723c751e8b465ee728b)
Start importing Assets/Scenes/AbbiesProps/propsword.fbx using Guid(59dcfc3e5fc9cd44ba67e535195e191d) Importer(815301076,1909f56bfc062723c751e8b465ee728b)  -> (artifact id: '58b5e13ea6aa8c19272680e6994b6a17') in 0.234223 seconds 
  Import took 0.390991 seconds .

========================================================================
Received Import Request.
  Time since last request: 0.000332 seconds.
  path: Assets/Scenes/AbbiesProps/shield3.fbx
  artifactKey: Guid(b28fb0fa5e8cb2d4abfc778505dbc340) Importer(815301076,1909f56bfc062723c751e8b465ee728b)
Start importing Assets/Scenes/AbbiesProps/shield3.fbx using Guid(b28fb0fa5e8cb2d4abfc778505dbc340) Importer(815301076,1909f56bfc062723c751e8b465ee728b)  -> (artifact id: '5d21e384d298bb8eb5e2d35fd99d4863') in 0.022869 seconds 
  Import took 0.142848 seconds .

========================================================================
Received Import Request.
  Time since last request: 0.000147 seconds.
  path: Assets/Scenes/AbbiesProps/weaponrack.fbx
  artifactKey: Guid(bbf0993e9b9d12e4096ba0ef6d16d416) Importer(815301076,1909f56bfc062723c751e8b465ee728b)
Start importing Assets/Scenes/AbbiesProps/weaponrack.fbx using Guid(bbf0993e9b9d12e4096ba0ef6d16d416) Importer(815301076,1909f56bfc062723c751e8b465ee728b)  -> (artifact id: '1447ffa5eed0df50ce704148386552da') in 0.020256 seconds 
  Import took 0.026008 seconds .

========================================================================
Received Import Request.
  Time since last request: 0.000165 seconds.
  path: Assets/Scenes/AbbiesProps/shield1.fbx
  artifactKey: Guid(77f38c7b371459342be99201684bf7f6) Importer(815301076,1909f56bfc062723c751e8b465ee728b)
Start importing Assets/Scenes/AbbiesProps/shield1.fbx using Guid(77f38c7b371459342be99201684bf7f6) Importer(815301076,1909f56bfc062723c751e8b465ee728b)  -> (artifact id: '370853ae3249ba5924d067cf0f7f719d') in 0.024288 seconds 
  Import took 0.152590 seconds .

========================================================================
Received Import Request.
  Time since last request: 0.000164 seconds.
  path: Assets/Scenes/AbbiesProps/axe.fbx
  artifactKey: Guid(48358c55f1bcf304790aa5707dfcd1e1) Importer(815301076,1909f56bfc062723c751e8b465ee728b)
Start importing Assets/Scenes/AbbiesProps/axe.fbx using Guid(48358c55f1bcf304790aa5707dfcd1e1) Importer(815301076,1909f56bfc062723c751e8b465ee728b)  -> (artifact id: '453fedbc21eba1e0b0ba83a840a58957') in 0.021860 seconds 
  Import took 0.028202 seconds .

========================================================================
Received Import Request.
  Time since last request: 0.000234 seconds.
  path: Assets/Scenes/AbbiesProps/shield2.fbx
  artifactKey: Guid(6fb8d8213e006054b89250e0bf3be2ca) Importer(815301076,1909f56bfc062723c751e8b465ee728b)
Start importing Assets/Scenes/AbbiesProps/shield2.fbx using Guid(6fb8d8213e006054b89250e0bf3be2ca) Importer(815301076,1909f56bfc062723c751e8b465ee728b)  -> (artifact id: 'bbdad6de4f9f2eb780b43aeaad21d796') in 0.018901 seconds 
  Import took 0.024127 seconds .

========================================================================
Received Import Request.
  Time since last request: 301.678687 seconds.
  path: Assets/Scenes/AbbiesProps/shield1.fbx
  artifactKey: Guid(77f38c7b371459342be99201684bf7f6) Importer(815301076,1909f56bfc062723c751e8b465ee728b)
Start importing Assets/Scenes/AbbiesProps/shield1.fbx using Guid(77f38c7b371459342be99201684bf7f6) Importer(815301076,1909f56bfc062723c751e8b465ee728b)  -> (artifact id: '5a49eed207d8814e1dc9ca425a1b1004') in 0.032182 seconds 
  Import took 0.048270 seconds .

========================================================================
Received Import Request.
  Time since last request: 0.000181 seconds.
  path: Assets/Scenes/AbbiesProps/shield2.fbx
  artifactKey: Guid(6fb8d8213e006054b89250e0bf3be2ca) Importer(815301076,1909f56bfc062723c751e8b465ee728b)
Start importing Assets/Scenes/AbbiesProps/shield2.fbx using Guid(6fb8d8213e006054b89250e0bf3be2ca) Importer(815301076,1909f56bfc062723c751e8b465ee728b)  -> (artifact id: '560dd35b6768d9b0102a1f82fab04e4b') in 0.019741 seconds 
  Import took 0.061772 seconds .

========================================================================
Received Import Request.
  Time since last request: 53.913280 seconds.
  path: Assets/Scenes/AbbiesProps/weaponrack.fbx
  artifactKey: Guid(bbf0993e9b9d12e4096ba0ef6d16d416) Importer(815301076,1909f56bfc062723c751e8b465ee728b)
Start importing Assets/Scenes/AbbiesProps/weaponrack.fbx using Guid(bbf0993e9b9d12e4096ba0ef6d16d416) Importer(815301076,1909f56bfc062723c751e8b465ee728b)  -> (artifact id: '6e77f3a6df723361e214b7546094a950') in 0.033124 seconds 
  Import took 0.038899 seconds .

========================================================================
Received Import Request.
  Time since last request: 97.445104 seconds.
  path: Assets/Scenes/AbbiesProps/New Material.mat
  artifactKey: Guid(a4d927f434b966f4abe6aa9a903ac6f5) Importer(815301076,1909f56bfc062723c751e8b465ee728b)
Start importing Assets/Scenes/AbbiesProps/New Material.mat using Guid(a4d927f434b966f4abe6aa9a903ac6f5) Importer(815301076,1909f56bfc062723c751e8b465ee728b)  -> (artifact id: '6020ac144e4490c1a997738ede00d031') in 0.035655 seconds 
  Import took 0.060878 seconds .

========================================================================
Received Prepare
Registering precompiled user dll's ...
Registered in 0.005385 seconds.
Begin MonoManager ReloadAssembly
Fallback handler could not load library C:/Program Files/Unity/Hub/Editor/2020.3.26f1/Editor/Data/Mono/lib/libdl
Fallback handler could not load library C:/Program Files/Unity/Hub/Editor/2020.3.26f1/Editor/Data/Mono/lib/libdl.dll
Fallback handler could not load library C:/Program Files/Unity/Hub/Editor/2020.3.26f1/Editor/Data/Mono/lib/libdl
Native extension for WindowsStandalone target not found
Refreshing native plugins compatible for Editor in 1.29 ms, found 6 plugins.
Preloading 0 native plugins for Editor in 0.00 ms.
Mono: successfully reloaded assembly
Fallback handler could not load library C:/Program Files/Unity/Hub/Editor/2020.3.26f1/Editor/Data/Mono/lib/libdl
Fallback handler could not load library C:/Program Files/Unity/Hub/Editor/2020.3.26f1/Editor/Data/Mono/lib/libdl.dll
Fallback handler could not load library C:/Program Files/Unity/Hub/Editor/2020.3.26f1/Editor/Data/Mono/lib/libdl
Fallback handler could not load library C:/Program Files/Unity/Hub/Editor/2020.3.26f1/Editor/Data/Mono/lib/libdl
Fallback handler could not load library C:/Program Files/Unity/Hub/Editor/2020.3.26f1/Editor/Data/Mono/lib/libdl.dll
Fallback handler could not load library C:/Program Files/Unity/Hub/Editor/2020.3.26f1/Editor/Data/Mono/lib/libdl
- Completed reload, in  1.289 seconds
Domain Reload Profiling:
	ReloadAssembly (1290ms)
		BeginReloadAssembly (183ms)
			ExecutionOrderSort (0ms)
			DisableScriptedObjects (6ms)
			BackupInstance (0ms)
			ReleaseScriptingObjects (0ms)
			CreateAndSetChildDomain (50ms)
		EndReloadAssembly (1043ms)
			LoadAssemblies (94ms)
			RebuildTransferFunctionScriptingTraits (0ms)
			SetupTypeCache (361ms)
			ReleaseScriptCaches (2ms)
			RebuildScriptCaches (44ms)
			SetupLoadedEditorAssemblies (378ms)
				LogAssemblyErrors (0ms)
				InitializePlatformSupportModulesInManaged (4ms)
				SetLoadedEditorAssemblies (0ms)
				RefreshPlugins (1ms)
				BeforeProcessingInitializeOnLoad (71ms)
				ProcessInitializeOnLoadAttributes (285ms)
				ProcessInitializeOnLoadMethodAttributes (10ms)
				AfterProcessingInitializeOnLoad (6ms)
				EditorAssembliesLoaded (0ms)
			ExecutionOrderSort2 (0ms)
			AwakeInstancesAfterBackupRestoration (17ms)
Platform modules already initialized, skipping
Refreshing native plugins compatible for Editor in 1.35 ms, found 6 plugins.
Preloading 0 native plugins for Editor in 0.00 ms.
Unloading 3563 Unused Serialized files (Serialized files now loaded: 0)
System memory in use before: 159.4 MB.
System memory in use after: 159.6 MB.

Unloading 54 unused Assets to reduce memory usage. Loaded Objects now: 4192.
Total: 4.000700 ms (FindLiveObjects: 0.276900 ms CreateObjectMapping: 0.158300 ms MarkObjects: 3.428500 ms  DeleteObjects: 0.134800 ms)

AssetImportParameters requested are different than current active one (requested -> active):
  custom:framework-win-MediaFoundation: 216162199b28c13a410421893ffa2e32 -> 
  custom:video-decoder-ogg-theora: a1e56fd34408186e4bbccfd4996cb3dc -> 
  custom:container-muxer-webm: aa71ff27fc2769a1b78a27578f13a17b -> 
  custom:container-demuxer-webm: 4f35f7cbe854078d1ac9338744f61a02 -> 
  custom:container-demuxer-ogg: 62fdf1f143b41e24485cea50d1cbac27 -> 
  custom:video-encoder-webm-vp8: eb34c28f22e8b96e1ab97ce403110664 -> 
  custom:video-codec-MediaFoundation-h265: 746d11721c4dcdbdad8f713fa42b33f4 -> 
  custom:video-decoder-webm-vp8: 9c59270c3fd7afecdb556c50c9e8de78 -> 
  custom:audio-decoder-ogg-vorbis: bf7c407c2cedff20999df2af8eb42d56 -> 
  custom:audio-encoder-webm-vorbis: bf7c407c2cedff20999df2af8eb42d56 -> 
========================================================================
Received Import Request.
  Time since last request: 1610.123656 seconds.
  path: Assets/Scenes/AbbiesProps/New Material.mat
  artifactKey: Guid(a4d927f434b966f4abe6aa9a903ac6f5) Importer(815301076,1909f56bfc062723c751e8b465ee728b)
Start importing Assets/Scenes/AbbiesProps/New Material.mat using Guid(a4d927f434b966f4abe6aa9a903ac6f5) Importer(815301076,1909f56bfc062723c751e8b465ee728b)  -> (artifact id: 'c69485d347e1cd2860311d4466914427') in 0.144640 seconds 
  Import took 0.188329 seconds .

AssetImportWorkerClient::OnTransportError - code=2 error=End of file
